2025-04-26 13:20:28,101 [INFO] 1m data range: 2023-02-14 18:22:00 to 2025-04-09 20:01:00
2025-04-26 13:20:28,102 [INFO] Using range: 2023-02-14 18:22:00+00:00 to 2025-04-09 20:01:00+00:00
2025-04-26 13:20:30,290 [INFO] Loaded 209523 1m bars.
2025-04-26 13:20:30,301 [INFO] [1/4] Processing timeframe: 3m...
2025-04-26 13:20:30,320 [INFO] [2/4] Processing timeframe: 15m...
2025-04-26 13:20:30,341 [INFO] [3/4] Processing timeframe: 1h...
2025-04-26 13:20:30,367 [INFO] [4/4] Processing timeframe: 1d...
2025-04-26 13:20:30,530 [INFO] Resampled 537 bars for 1d.
2025-04-26 13:20:30,532 [INFO] Deleting aligned bars from spx_ohlcv_1d for 1440-minute intervals between 2023-02-14 18:22:00+00:00 and 2025-04-09 20:01:00+00:00...
2025-04-26 13:20:30,544 [INFO] Resampled 4273 bars for 1h.
2025-04-26 13:20:30,544 [INFO] Deleting aligned bars from spx_ohlcv_1h for 60-minute intervals between 2023-02-14 18:22:00+00:00 and 2025-04-09 20:01:00+00:00...
2025-04-26 13:20:30,739 [INFO] Resampled 14403 bars for 15m.
2025-04-26 13:20:30,741 [INFO] Deleting aligned bars from spx_ohlcv_15m for 15-minute intervals between 2023-02-14 18:22:00+00:00 and 2025-04-09 20:01:00+00:00...
2025-04-26 13:20:30,750 [INFO] Inserting 537 rows into spx_ohlcv_1d...
2025-04-26 13:20:30,776 [INFO] Inserting 4273 rows into spx_ohlcv_1h...
2025-04-26 13:20:30,777 [INFO] Inserting 14403 rows into spx_ohlcv_15m...
2025-04-26 13:20:31,785 [INFO] Resampled 70116 bars for 3m.
2025-04-26 13:20:31,786 [INFO] Deleting aligned bars from spx_ohlcv_3m for 3-minute intervals between 2023-02-14 18:22:00+00:00 and 2025-04-09 20:01:00+00:00...
2025-04-26 13:20:31,991 [INFO] ✅ Done with 1d.
2025-04-26 13:20:32,039 [INFO] Inserting 70116 rows into spx_ohlcv_3m...
2025-04-26 13:20:33,975 [INFO] ✅ Done with 1h.
2025-04-26 13:20:38,006 [INFO] ✅ Done with 15m.
2025-04-26 13:21:05,991 [INFO] ✅ Done with 3m.
2025-04-26 13:21:06,004 [INFO] [COMPLETE] All timeframes processed. Check logs for details.
